20:45:19 **** Incremental Build of configuration Release for project ASEE_2015 ****
make all 
Building file: ../ASEE_2015.cpp
Starting C++ compile
"C:/Program Files (x86)/Arduino/hardware/tools/avr/bin/avr-g++" -c -g -Os -w -fno-exceptions -ffunction-sections -fdata-sections -fno-threadsafe-statics -MMD -mmcu=atmega328p -DF_CPU=16000000L -DARDUINO=158 -DARDUINO_AVR_UNO -DARDUINO_ARCH_AVR     -I"C:\Program Files (x86)\Arduino\hardware\arduino\avr\cores\arduino" -I"C:\Program Files (x86)\Arduino\hardware\arduino\avr\variants\standard" -MMD -MP -MF"ASEE_2015.cpp.d" -MT"ASEE_2015.cpp.d" -D__IN_ECLIPSE__=1 -x c++ "../ASEE_2015.cpp"  -o  "ASEE_2015.cpp.o"
make: *** [ASEE_2015.cpp.o] Error 53
00:18:43 **** Build of configuration Release for project test1 ****
make all 
Building file: ../.ino.cpp
Starting C++ compile
"C:/Program Files (x86)/Arduino/hardware/tools/avr/bin/avr-g++" -c -g -Os -fno-exceptions -ffunction-sections -fdata-sections -fno-threadsafe-statics -MMD -mmcu=atmega328p -DF_CPU=16000000L -DARDUINO=158 -DARDUINO_AVR_UNO -DARDUINO_ARCH_AVR     -I"C:\Program Files (x86)\Arduino\hardware\arduino\avr\cores\arduino" -I"C:\Program Files (x86)\Arduino\hardware\arduino\avr\variants\standard" -I"C:\Program Files (x86)\Arduino\libraries\03.Analog" -MMD -MP -MF".ino.cpp.d" -MT".ino.cpp.d" -D__IN_ECLIPSE__=1 -x c++ "../.ino.cpp"  -o  ".ino.cpp.o"   -Wall
make: *** [.ino.cpp.o] Error 53
00:23:10 **** Build of configuration Release for project TEST ****
make all 
Building file: ../.ino.cpp
Starting C++ compile
"C:/Program Files (x86)/Arduino/hardware/tools/avr/bin/avr-g++" -c -g -Os -fno-exceptions -ffunction-sections -fdata-sections -fno-threadsafe-statics -MMD -mmcu=atmega328p -DF_CPU=16000000L -DARDUINO=158 -DARDUINO_AVR_UNO -DARDUINO_ARCH_AVR     -I"C:\Program Files (x86)\Arduino\hardware\arduino\avr\cores\arduino" -I"C:\Program Files (x86)\Arduino\hardware\arduino\avr\variants\standard" -MMD -MP -MF".ino.cpp.d" -MT".ino.cpp.d" -D__IN_ECLIPSE__=1 -x c++ "../.ino.cpp"  -o  ".ino.cpp.o"   -Wall
make: *** [.ino.cpp.o] Error 53
00:24:26 **** Incremental Build of configuration Release for project TEST ****
make all 
Building file: ../.ino.cpp
Starting C++ compile
"C:/Program Files (x86)/Arduino/hardware/tools/avr/bin/avr-g++" -c -g -Os -fno-exceptions -ffunction-sections -fdata-sections -fno-threadsafe-statics -MMD -mmcu=atmega328p -DF_CPU=16000000L -DARDUINO=158 -DARDUINO_AVR_UNO -DARDUINO_ARCH_AVR     -I"C:\Program Files (x86)\Arduino\hardware\arduino\avr\cores\arduino" -I"C:\Program Files (x86)\Arduino\hardware\arduino\avr\variants\standard" -MMD -MP -MF".ino.cpp.d" -MT".ino.cpp.d" -D__IN_ECLIPSE__=1 -x c++ "../.ino.cpp"  -o  ".ino.cpp.o"   -Wall
make: *** [.ino.cpp.o] Error 53
00:30:05 **** Build of configuration Release for project testabc ****
make all 
Building file: ../.ino.cpp
Starting C++ compile
"C:/Program Files (x86)/Arduino/hardware/tools/avr/bin/avr-g++" -c -g -Os -fno-exceptions -ffunction-sections -fdata-sections -fno-threadsafe-statics -MMD -mmcu=atmega328p -DF_CPU=16000000L -DARDUINO=158 -DARDUINO_AVR_UNO -DARDUINO_ARCH_AVR     -I"C:\Program Files (x86)\Arduino\hardware\arduino\avr\cores\arduino" -I"C:\Program Files (x86)\Arduino\hardware\arduino\avr\variants\standard" -MMD -MP -MF".ino.cpp.d" -MT".ino.cpp.d" -D__IN_ECLIPSE__=1 -x c++ "../.ino.cpp"  -o  ".ino.cpp.o"   -Wall
make: *** [.ino.cpp.o] Error 53
